<?xml version="1.0" encoding="UTF-8"?>
<!-- Generated by org.testng.reporters.JUnitReportReporter -->
<testsuite hostname="HIS" failures="0" tests="1" name="userRegistrationTest.UserReWomenTest" time="44.171" errors="0" timestamp="22 May 2024 05:38:33 GMT">
  <testcase classname="userRegistrationTest.UserReWomenTest" name="userRegistrationWoMenNonVeg" time="44.171"/>
</testsuite> <!-- userRegistrationTest.UserReWomenTest -->
